<?xml version="1.0" encoding="UTF-8"?>
<testsuite xmlns:xsi="http://www.w3.org/2001/XMLSchema-instance" xsi:noNamespaceSchemaLocation="https://maven.apache.org/surefire/maven-surefire-plugin/xsd/surefire-test-report.xsd" name="nz.ac.auckland.se281.a2.BurgerShopTestSuite" time="13.081" tests="41" errors="0" skipped="0" failures="0">
  <properties>
    <property name="java.specification.version" value="17"/>
    <property name="sun.cpu.isalist" value="amd64"/>
    <property name="sun.jnu.encoding" value="Cp1252"/>
    <property name="java.class.path" value="C:\Users\Administrator\OneDrive - The University of Auckland\Documents\Uni\Yr2\Softeng281\Ass2\assignment-2-Mattwai\target\test-classes;C:\Users\Administrator\OneDrive - The University of Auckland\Documents\Uni\Yr2\Softeng281\Ass2\assignment-2-Mattwai\target\classes;C:\Users\Administrator\.m2\repository\junit\junit\4.12\junit-4.12.jar;C:\Users\Administrator\.m2\repository\org\hamcrest\hamcrest-core\1.3\hamcrest-core-1.3.jar;"/>
    <property name="java.vm.vendor" value="Oracle Corporation"/>
    <property name="sun.arch.data.model" value="64"/>
    <property name="user.variant" value=""/>
    <property name="java.vendor.url" value="https://java.oracle.com/"/>
    <property name="user.timezone" value="Pacific/Auckland"/>
    <property name="os.name" value="Windows 10"/>
    <property name="java.vm.specification.version" value="17"/>
    <property name="sun.java.launcher" value="SUN_STANDARD"/>
    <property name="user.country" value="NZ"/>
    <property name="sun.boot.library.path" value="C:\Program Files\Java\jdk-17.0.2\bin"/>
    <property name="sun.java.command" value="C:\Users\ADMINI~1\AppData\Local\Temp\surefire5332323796644271640\surefirebooter13232053724611406884.jar C:\Users\Administrator\AppData\Local\Temp\surefire5332323796644271640 2022-04-20T15-01-49_903-jvmRun1 surefire16292023341932600601tmp surefire_015295817966776068871tmp"/>
    <property name="jdk.debug" value="release"/>
    <property name="surefire.test.class.path" value="C:\Users\Administrator\OneDrive - The University of Auckland\Documents\Uni\Yr2\Softeng281\Ass2\assignment-2-Mattwai\target\test-classes;C:\Users\Administrator\OneDrive - The University of Auckland\Documents\Uni\Yr2\Softeng281\Ass2\assignment-2-Mattwai\target\classes;C:\Users\Administrator\.m2\repository\junit\junit\4.12\junit-4.12.jar;C:\Users\Administrator\.m2\repository\org\hamcrest\hamcrest-core\1.3\hamcrest-core-1.3.jar;"/>
    <property name="sun.cpu.endian" value="little"/>
    <property name="user.home" value="C:\Users\Administrator"/>
    <property name="user.language" value="en"/>
    <property name="java.specification.vendor" value="Oracle Corporation"/>
    <property name="java.version.date" value="2022-01-18"/>
    <property name="java.home" value="C:\Program Files\Java\jdk-17.0.2"/>
    <property name="file.separator" value="\"/>
    <property name="basedir" value="C:\Users\Administrator\OneDrive - The University of Auckland\Documents\Uni\Yr2\Softeng281\Ass2\assignment-2-Mattwai"/>
    <property name="java.vm.compressedOopsMode" value="Zero based"/>
    <property name="line.separator" value="&#10;"/>
    <property name="java.vm.specification.vendor" value="Oracle Corporation"/>
    <property name="java.specification.name" value="Java Platform API Specification"/>
    <property name="surefire.real.class.path" value="C:\Users\ADMINI~1\AppData\Local\Temp\surefire5332323796644271640\surefirebooter13232053724611406884.jar"/>
    <property name="user.script" value=""/>
    <property name="sun.management.compiler" value="HotSpot 64-Bit Tiered Compilers"/>
    <property name="java.runtime.version" value="17.0.2+8-LTS-86"/>
    <property name="user.name" value="Administrator"/>
    <property name="path.separator" value=";"/>
    <property name="os.version" value="10.0"/>
    <property name="java.runtime.name" value="Java(TM) SE Runtime Environment"/>
    <property name="file.encoding" value="Cp1252"/>
    <property name="java.vm.name" value="Java HotSpot(TM) 64-Bit Server VM"/>
    <property name="localRepository" value="C:\Users\Administrator\.m2\repository"/>
    <property name="java.vendor.url.bug" value="https://bugreport.java.com/bugreport/"/>
    <property name="java.io.tmpdir" value="C:\Users\ADMINI~1\AppData\Local\Temp\"/>
    <property name="java.version" value="17.0.2"/>
    <property name="user.dir" value="C:\Users\Administrator\OneDrive - The University of Auckland\Documents\Uni\Yr2\Softeng281\Ass2\assignment-2-Mattwai"/>
    <property name="os.arch" value="amd64"/>
    <property name="java.vm.specification.name" value="Java Virtual Machine Specification"/>
    <property name="sun.os.patch.level" value=""/>
    <property name="native.encoding" value="Cp1252"/>
    <property name="java.library.path" value="C:\Program Files\Java\jdk-17.0.2\bin;C:\WINDOWS\Sun\Java\bin;C:\WINDOWS\system32;C:\WINDOWS;C:\Program Files\Java\jdk-17.0.2\bin;C:\Program Files\Common Files\Oracle\Java\javapath;C:\Program Files (x86)\Common Files\Intel\Shared Libraries\redist\intel64\compiler;C:\Program Files (x86)\Common Files\Oracle\Java\javapath;C:\Program Files\Python37\Scripts\;C:\Program Files\Python37\;C:\Program Files (x86)\Intel\iCLS Client\;C:\ProgramData\Oracle\Java\javapath;C:\Program Files\Intel\iCLS Client\;C:\WINDOWS\system32;C:\WINDOWS;C:\WINDOWS\System32\Wbem;C:\WINDOWS\System32\WindowsPowerShell\v1.0\;C:\Program Files (x86)\Windows Live\Shared;C:\Program Files (x86)\Intel\Intel(R) Management Engine Components\DAL;C:\Program Files\Intel\Intel(R) Management Engine Components\DAL;C:\Program Files (x86)\Intel\Intel(R) Management Engine Components\IPT;C:\Program Files\Intel\Intel(R) Management Engine Components\IPT;C:\Program Files\Python36;C:\Program files\Python36\Scripts;C:\Program Files (x86)\GtkSharp\2.12\bin;C:\Program Files (x86)\Brackets\command;C:\Program Files\Intel\WiFi\bin\;C:\Program Files\Common Files\Intel\WirelessCommon\;C:\WINDOWS\System32\OpenSSH\;C:\Program Files\nodejs\;C:\Program Files\MATLAB\R2021a\bin;C:\Program Files\Microsoft SQL Server\120\Tools\Binn\;C:\msys64\mingw64\bin;C:\Program Files\Git\cmd;C:\Users\Administrator\AppData\Local\Microsoft\WindowsApps;;C:\Users\Administrator\AppData\Local\Programs\Microsoft VS Code\bin;."/>
    <property name="java.vm.info" value="mixed mode, sharing"/>
    <property name="java.vendor" value="Oracle Corporation"/>
    <property name="java.vm.version" value="17.0.2+8-LTS-86"/>
    <property name="sun.io.unicode.encoding" value="UnicodeLittle"/>
    <property name="java.class.version" value="61.0"/>
  </properties>
  <testcase name="T1_01_add_one_burger" classname="nz.ac.auckland.se281.a2.BurgerShopTestSuite$Task1Test" time="0.841"/>
  <testcase name="T1_02_add_two_veg_burger" classname="nz.ac.auckland.se281.a2.BurgerShopTestSuite$Task1Test" time="0.249"/>
  <testcase name="T1_03_add_two_veg_burger_cart_twice" classname="nz.ac.auckland.se281.a2.BurgerShopTestSuite$Task1Test" time="0.24"/>
  <testcase name="T1_04_add_two_diff_burgers" classname="nz.ac.auckland.se281.a2.BurgerShopTestSuite$Task1Test" time="0.285"/>
  <testcase name="T1_05_add_two_diff_burgers_total" classname="nz.ac.auckland.se281.a2.BurgerShopTestSuite$Task1Test" time="0.266"/>
  <testcase name="T1_06_add_one_snack" classname="nz.ac.auckland.se281.a2.BurgerShopTestSuite$Task1Test" time="0.25"/>
  <testcase name="T1_07_add_one_snack_size" classname="nz.ac.auckland.se281.a2.BurgerShopTestSuite$Task1Test" time="0.216"/>
  <testcase name="T1_08_add_one_snack_size_price" classname="nz.ac.auckland.se281.a2.BurgerShopTestSuite$Task1Test" time="0.225"/>
  <testcase name="T1_09_add_one_drink" classname="nz.ac.auckland.se281.a2.BurgerShopTestSuite$Task1Test" time="0.265"/>
  <testcase name="T1_10_show_cart_total_one_item" classname="nz.ac.auckland.se281.a2.BurgerShopTestSuite$Task1Test" time="0.296"/>
  <testcase name="T1_11_show_cart_total_two_items" classname="nz.ac.auckland.se281.a2.BurgerShopTestSuite$Task1Test" time="0.237"/>
  <testcase name="T1_12_show_cart_total_two_diff_items" classname="nz.ac.auckland.se281.a2.BurgerShopTestSuite$Task1Test" time="0.226"/>
  <testcase name="T1_13_empty_cart" classname="nz.ac.auckland.se281.a2.BurgerShopTestSuite$Task1Test" time="0.219"/>
  <testcase name="T1_14_show_cart_discount" classname="nz.ac.auckland.se281.a2.BurgerShopTestSuite$Task1Test" time="0.512"/>
  <testcase name="T2_01_add_combo" classname="nz.ac.auckland.se281.a2.BurgerShopTestSuite$Task2Test" time="0.259"/>
  <testcase name="T2_02_add_combo_M" classname="nz.ac.auckland.se281.a2.BurgerShopTestSuite$Task2Test" time="0.22"/>
  <testcase name="T2_03_add_combo_XL" classname="nz.ac.auckland.se281.a2.BurgerShopTestSuite$Task2Test" time="0.235"/>
  <testcase name="T2_04_add_combo_L_price" classname="nz.ac.auckland.se281.a2.BurgerShopTestSuite$Task2Test" time="0.228"/>
  <testcase name="T2_05_add_combo_L_price_total" classname="nz.ac.auckland.se281.a2.BurgerShopTestSuite$Task2Test" time="0.236"/>
  <testcase name="T2_06_add_two_combos_price" classname="nz.ac.auckland.se281.a2.BurgerShopTestSuite$Task2Test" time="0.3"/>
  <testcase name="T2_07_add_combo_XL_price_total" classname="nz.ac.auckland.se281.a2.BurgerShopTestSuite$Task2Test" time="0.258"/>
  <testcase name="T2_08_show_cart_discount_combo" classname="nz.ac.auckland.se281.a2.BurgerShopTestSuite$Task2Test" time="0.504"/>
  <testcase name="T3_01_remove_item" classname="nz.ac.auckland.se281.a2.BurgerShopTestSuite$Task3Test" time="0.611"/>
  <testcase name="T3_02_remove_item_correct_cart_update" classname="nz.ac.auckland.se281.a2.BurgerShopTestSuite$Task3Test" time="0.444"/>
  <testcase name="T3_03_remove_item_correct_cart_update_2" classname="nz.ac.auckland.se281.a2.BurgerShopTestSuite$Task3Test" time="0.435"/>
  <testcase name="T3_04_remove_two_items" classname="nz.ac.auckland.se281.a2.BurgerShopTestSuite$Task3Test" time="0.552"/>
  <testcase name="T3_05_check_boundary" classname="nz.ac.auckland.se281.a2.BurgerShopTestSuite$Task3Test" time="0.461"/>
  <testcase name="T3_06_clear_all" classname="nz.ac.auckland.se281.a2.BurgerShopTestSuite$Task3Test" time="0.479"/>
  <testcase name="T4_01_warning_combo_false" classname="nz.ac.auckland.se281.a2.BurgerShopTestSuite$Task4Test" time="0.304"/>
  <testcase name="T4_02_warning_combo_false" classname="nz.ac.auckland.se281.a2.BurgerShopTestSuite$Task4Test" time="0.241"/>
  <testcase name="T4_03_warning_combo_true" classname="nz.ac.auckland.se281.a2.BurgerShopTestSuite$Task4Test" time="0.228"/>
  <testcase name="T4_04_check_print_cart" classname="nz.ac.auckland.se281.a2.BurgerShopTestSuite$Task4Test" time="0.228"/>
  <testcase name="T4_05_estimate_time_5_minutes" classname="nz.ac.auckland.se281.a2.BurgerShopTestSuite$Task4Test" time="0.226"/>
  <testcase name="T4_06_estimate_time_6_minutes" classname="nz.ac.auckland.se281.a2.BurgerShopTestSuite$Task4Test" time="0.291"/>
  <testcase name="T4_07_estimate_time_7_minutes" classname="nz.ac.auckland.se281.a2.BurgerShopTestSuite$Task4Test" time="0.238"/>
  <testcase name="T4_08_estimate_time_7_minutes_burger_snack" classname="nz.ac.auckland.se281.a2.BurgerShopTestSuite$Task4Test" time="0.226"/>
  <testcase name="T4_09_estimate_time_3_minutes_45_seconds_snack_drink" classname="nz.ac.auckland.se281.a2.BurgerShopTestSuite$Task4Test" time="0.251"/>
  <testcase name="T4_10_estimate_time_9_minutes_15_seconds_burger_snack_drink" classname="nz.ac.auckland.se281.a2.BurgerShopTestSuite$Task4Test" time="0.265"/>
  <testcase name="T4_11_estimate_time_8_minutes_45_seconds_combo" classname="nz.ac.auckland.se281.a2.BurgerShopTestSuite$Task4Test" time="0.423"/>
  <testcase name="T4_12_clear_cart" classname="nz.ac.auckland.se281.a2.BurgerShopTestSuite$Task4Test" time="0.236"/>
  <testcase name="T4_13_cannot_order_cart_empty" classname="nz.ac.auckland.se281.a2.BurgerShopTestSuite$Task4Test" time="0.22"/>
</testsuite>